::1 - - [22/Sep/2016:15:56:54 +0000] "GET / HTTP/1.1" 200 1566 "-" "Mozilla/5.0 (Windows NT 6.3; Win64; x64) AppleWebKit/537.36 (KHTML, like Gecko) Chrome/53.0.2785.116 Safari/537.36"
::1 - - [22/Sep/2016:15:56:54 +0000] "GET /bower_components/bootstrap/dist/css/bootstrap.css HTTP/1.1" 404 62 "http://localhost:4000/" "Mozilla/5.0 (Windows NT 6.3; Win64; x64) AppleWebKit/537.36 (KHTML, like Gecko) Chrome/53.0.2785.116 Safari/537.36"
::1 - - [22/Sep/2016:15:56:54 +0000] "GET /favicon.ico HTTP/1.1" 404 24 "http://localhost:4000/" "Mozilla/5.0 (Windows NT 6.3; Win64; x64) AppleWebKit/537.36 (KHTML, like Gecko) Chrome/53.0.2785.116 Safari/537.36"
::1 - - [22/Sep/2016:15:57:01 +0000] "GET /login HTTP/1.1" 500 2476 "http://localhost:4000/" "Mozilla/5.0 (Windows NT 6.3; Win64; x64) AppleWebKit/537.36 (KHTML, like Gecko) Chrome/53.0.2785.116 Safari/537.36"
::1 - - [22/Sep/2016:15:59:05 +0000] "GET /login HTTP/1.1" 500 2167 "http://localhost:4000/" "Mozilla/5.0 (Windows NT 6.3; Win64; x64) AppleWebKit/537.36 (KHTML, like Gecko) Chrome/53.0.2785.116 Safari/537.36"
::1 - - [22/Sep/2016:15:59:53 +0000] "GET /login HTTP/1.1" 500 2167 "http://localhost:4000/" "Mozilla/5.0 (Windows NT 6.3; Win64; x64) AppleWebKit/537.36 (KHTML, like Gecko) Chrome/53.0.2785.116 Safari/537.36"
::1 - - [22/Sep/2016:16:00:04 +0000] "GET /login HTTP/1.1" 200 1137 "http://localhost:4000/" "Mozilla/5.0 (Windows NT 6.3; Win64; x64) AppleWebKit/537.36 (KHTML, like Gecko) Chrome/53.0.2785.116 Safari/537.36"
::1 - - [26/Sep/2016:15:09:11 +0000] "GET / HTTP/1.1" 200 1566 "-" "Mozilla/5.0 (Windows NT 6.3; Win64; x64) AppleWebKit/537.36 (KHTML, like Gecko) Chrome/53.0.2785.116 Safari/537.36"
::1 - - [26/Sep/2016:15:09:11 +0000] "GET /bower_components/bootstrap/dist/css/bootstrap.css HTTP/1.1" 404 62 "http://localhost:4000/" "Mozilla/5.0 (Windows NT 6.3; Win64; x64) AppleWebKit/537.36 (KHTML, like Gecko) Chrome/53.0.2785.116 Safari/537.36"
::1 - - [26/Sep/2016:15:09:12 +0000] "GET /favicon.ico HTTP/1.1" 404 24 "http://localhost:4000/" "Mozilla/5.0 (Windows NT 6.3; Win64; x64) AppleWebKit/537.36 (KHTML, like Gecko) Chrome/53.0.2785.116 Safari/537.36"
::1 - - [26/Sep/2016:15:09:21 +0000] "GET /login HTTP/1.1" 200 1137 "-" "Mozilla/5.0 (Windows NT 6.3; Win64; x64) AppleWebKit/537.36 (KHTML, like Gecko) Chrome/53.0.2785.116 Safari/537.36"
::1 - - [26/Sep/2016:15:09:52 +0000] "GET /register HTTP/1.1" 200 5169 "-" "Mozilla/5.0 (Windows NT 6.3; Win64; x64) AppleWebKit/537.36 (KHTML, like Gecko) Chrome/53.0.2785.116 Safari/537.36"
::1 - - [26/Sep/2016:15:09:52 +0000] "GET /bower_components/bootstrap/dist/css/bootstrap.css HTTP/1.1" 404 62 "http://localhost:4000/register" "Mozilla/5.0 (Windows NT 6.3; Win64; x64) AppleWebKit/537.36 (KHTML, like Gecko) Chrome/53.0.2785.116 Safari/537.36"
::1 - - [26/Sep/2016:15:09:53 +0000] "GET /register HTTP/1.1" 304 - "http://localhost:4000/register" "Mozilla/5.0 (Windows NT 6.3; Win64; x64) AppleWebKit/537.36 (KHTML, like Gecko) Chrome/53.0.2785.116 Safari/537.36"
::1 - - [26/Sep/2016:15:09:53 +0000] "GET /bower_components/bootstrap/dist/css/bootstrap.css HTTP/1.1" 404 62 "http://localhost:4000/register" "Mozilla/5.0 (Windows NT 6.3; Win64; x64) AppleWebKit/537.36 (KHTML, like Gecko) Chrome/53.0.2785.116 Safari/537.36"
::1 - - [26/Sep/2016:15:10:46 +0000] "GET /register HTTP/1.1" 200 5158 "http://localhost:4000/register" "Mozilla/5.0 (Windows NT 6.3; Win64; x64) AppleWebKit/537.36 (KHTML, like Gecko) Chrome/53.0.2785.116 Safari/537.36"
::1 - - [26/Sep/2016:15:10:46 +0000] "GET /bower_components/bootstrap/dist/css/bootstrap.css HTTP/1.1" 404 62 "http://localhost:4000/register" "Mozilla/5.0 (Windows NT 6.3; Win64; x64) AppleWebKit/537.36 (KHTML, like Gecko) Chrome/53.0.2785.116 Safari/537.36"
::1 - - [26/Sep/2016:15:10:48 +0000] "GET /register HTTP/1.1" 304 - "http://localhost:4000/register" "Mozilla/5.0 (Windows NT 6.3; Win64; x64) AppleWebKit/537.36 (KHTML, like Gecko) Chrome/53.0.2785.116 Safari/537.36"
::1 - - [26/Sep/2016:15:10:48 +0000] "GET /bower_components/bootstrap/dist/css/bootstrap.css HTTP/1.1" 404 62 "http://localhost:4000/register" "Mozilla/5.0 (Windows NT 6.3; Win64; x64) AppleWebKit/537.36 (KHTML, like Gecko) Chrome/53.0.2785.116 Safari/537.36"
::1 - - [26/Sep/2016:15:10:49 +0000] "GET /register HTTP/1.1" 304 - "http://localhost:4000/register" "Mozilla/5.0 (Windows NT 6.3; Win64; x64) AppleWebKit/537.36 (KHTML, like Gecko) Chrome/53.0.2785.116 Safari/537.36"
::1 - - [26/Sep/2016:15:10:49 +0000] "GET /bower_components/bootstrap/dist/css/bootstrap.css HTTP/1.1" 404 62 "http://localhost:4000/register" "Mozilla/5.0 (Windows NT 6.3; Win64; x64) AppleWebKit/537.36 (KHTML, like Gecko) Chrome/53.0.2785.116 Safari/537.36"
::1 - - [26/Sep/2016:15:10:49 +0000] "GET /register HTTP/1.1" 304 - "http://localhost:4000/register" "Mozilla/5.0 (Windows NT 6.3; Win64; x64) AppleWebKit/537.36 (KHTML, like Gecko) Chrome/53.0.2785.116 Safari/537.36"
::1 - - [26/Sep/2016:15:10:49 +0000] "GET /bower_components/bootstrap/dist/css/bootstrap.css HTTP/1.1" 404 62 "http://localhost:4000/register" "Mozilla/5.0 (Windows NT 6.3; Win64; x64) AppleWebKit/537.36 (KHTML, like Gecko) Chrome/53.0.2785.116 Safari/537.36"
::1 - - [26/Sep/2016:15:11:11 +0000] "GET /register HTTP/1.1" 304 - "http://localhost:4000/register" "Mozilla/5.0 (Windows NT 6.3; Win64; x64) AppleWebKit/537.36 (KHTML, like Gecko) Chrome/53.0.2785.116 Safari/537.36"
::1 - - [26/Sep/2016:15:11:11 +0000] "GET /bower_components/bootstrap/dist/css/bootstrap.css HTTP/1.1" 404 62 "http://localhost:4000/register" "Mozilla/5.0 (Windows NT 6.3; Win64; x64) AppleWebKit/537.36 (KHTML, like Gecko) Chrome/53.0.2785.116 Safari/537.36"
::1 - - [26/Sep/2016:15:11:14 +0000] "GET / HTTP/1.1" 304 - "-" "Mozilla/5.0 (Windows NT 6.3; Win64; x64) AppleWebKit/537.36 (KHTML, like Gecko) Chrome/53.0.2785.116 Safari/537.36"
::1 - - [26/Sep/2016:15:11:14 +0000] "GET /bower_components/bootstrap/dist/css/bootstrap.css HTTP/1.1" 404 62 "http://localhost:4000/" "Mozilla/5.0 (Windows NT 6.3; Win64; x64) AppleWebKit/537.36 (KHTML, like Gecko) Chrome/53.0.2785.116 Safari/537.36"
::1 - - [26/Sep/2016:15:11:16 +0000] "GET /register HTTP/1.1" 304 - "http://localhost:4000/" "Mozilla/5.0 (Windows NT 6.3; Win64; x64) AppleWebKit/537.36 (KHTML, like Gecko) Chrome/53.0.2785.116 Safari/537.36"
::1 - - [26/Sep/2016:15:11:16 +0000] "GET /bower_components/bootstrap/dist/css/bootstrap.css HTTP/1.1" 404 62 "http://localhost:4000/register" "Mozilla/5.0 (Windows NT 6.3; Win64; x64) AppleWebKit/537.36 (KHTML, like Gecko) Chrome/53.0.2785.116 Safari/537.36"
::1 - - [26/Sep/2016:15:11:33 +0000] "GET /register HTTP/1.1" 200 5155 "http://localhost:4000/" "Mozilla/5.0 (Windows NT 6.3; Win64; x64) AppleWebKit/537.36 (KHTML, like Gecko) Chrome/53.0.2785.116 Safari/537.36"
::1 - - [26/Sep/2016:15:11:33 +0000] "GET /bower_components/bootstrap/dist/css/bootstrap.css HTTP/1.1" 404 62 "http://localhost:4000/register" "Mozilla/5.0 (Windows NT 6.3; Win64; x64) AppleWebKit/537.36 (KHTML, like Gecko) Chrome/53.0.2785.116 Safari/537.36"
::1 - - [26/Sep/2016:15:11:36 +0000] "GET /register HTTP/1.1" 304 - "http://localhost:4000/register" "Mozilla/5.0 (Windows NT 6.3; Win64; x64) AppleWebKit/537.36 (KHTML, like Gecko) Chrome/53.0.2785.116 Safari/537.36"
::1 - - [26/Sep/2016:15:11:36 +0000] "GET /bower_components/bootstrap/dist/css/bootstrap.css HTTP/1.1" 404 62 "http://localhost:4000/register" "Mozilla/5.0 (Windows NT 6.3; Win64; x64) AppleWebKit/537.36 (KHTML, like Gecko) Chrome/53.0.2785.116 Safari/537.36"
::1 - - [26/Sep/2016:15:11:37 +0000] "GET /register HTTP/1.1" 304 - "http://localhost:4000/register" "Mozilla/5.0 (Windows NT 6.3; Win64; x64) AppleWebKit/537.36 (KHTML, like Gecko) Chrome/53.0.2785.116 Safari/537.36"
::1 - - [26/Sep/2016:15:11:37 +0000] "GET /bower_components/bootstrap/dist/css/bootstrap.css HTTP/1.1" 404 62 "http://localhost:4000/register" "Mozilla/5.0 (Windows NT 6.3; Win64; x64) AppleWebKit/537.36 (KHTML, like Gecko) Chrome/53.0.2785.116 Safari/537.36"
::1 - - [26/Sep/2016:15:11:52 +0000] "GET /register HTTP/1.1" 304 - "http://localhost:4000/register" "Mozilla/5.0 (Windows NT 6.3; Win64; x64) AppleWebKit/537.36 (KHTML, like Gecko) Chrome/53.0.2785.116 Safari/537.36"
::1 - - [26/Sep/2016:15:11:52 +0000] "GET /bower_components/bootstrap/dist/css/bootstrap.css HTTP/1.1" 404 62 "http://localhost:4000/register" "Mozilla/5.0 (Windows NT 6.3; Win64; x64) AppleWebKit/537.36 (KHTML, like Gecko) Chrome/53.0.2785.116 Safari/537.36"
::1 - - [26/Sep/2016:15:11:52 +0000] "GET /register HTTP/1.1" 304 - "http://localhost:4000/register" "Mozilla/5.0 (Windows NT 6.3; Win64; x64) AppleWebKit/537.36 (KHTML, like Gecko) Chrome/53.0.2785.116 Safari/537.36"
::1 - - [26/Sep/2016:15:11:52 +0000] "GET /bower_components/bootstrap/dist/css/bootstrap.css HTTP/1.1" 404 62 "http://localhost:4000/register" "Mozilla/5.0 (Windows NT 6.3; Win64; x64) AppleWebKit/537.36 (KHTML, like Gecko) Chrome/53.0.2785.116 Safari/537.36"
::1 - - [26/Sep/2016:15:11:52 +0000] "GET /register HTTP/1.1" 304 - "http://localhost:4000/register" "Mozilla/5.0 (Windows NT 6.3; Win64; x64) AppleWebKit/537.36 (KHTML, like Gecko) Chrome/53.0.2785.116 Safari/537.36"
::1 - - [26/Sep/2016:15:11:52 +0000] "GET /bower_components/bootstrap/dist/css/bootstrap.css HTTP/1.1" 404 62 "http://localhost:4000/register" "Mozilla/5.0 (Windows NT 6.3; Win64; x64) AppleWebKit/537.36 (KHTML, like Gecko) Chrome/53.0.2785.116 Safari/537.36"
::1 - - [26/Sep/2016:15:11:55 +0000] "GET / HTTP/1.1" 304 - "-" "Mozilla/5.0 (Windows NT 6.3; Win64; x64) AppleWebKit/537.36 (KHTML, like Gecko) Chrome/53.0.2785.116 Safari/537.36"
::1 - - [26/Sep/2016:15:11:55 +0000] "GET /bower_components/bootstrap/dist/css/bootstrap.css HTTP/1.1" 404 62 "http://localhost:4000/" "Mozilla/5.0 (Windows NT 6.3; Win64; x64) AppleWebKit/537.36 (KHTML, like Gecko) Chrome/53.0.2785.116 Safari/537.36"
::1 - - [26/Sep/2016:15:11:57 +0000] "GET /login HTTP/1.1" 304 - "http://localhost:4000/" "Mozilla/5.0 (Windows NT 6.3; Win64; x64) AppleWebKit/537.36 (KHTML, like Gecko) Chrome/53.0.2785.116 Safari/537.36"
::1 - - [26/Sep/2016:15:12:19 +0000] "GET /login HTTP/1.1" 304 - "http://localhost:4000/" "Mozilla/5.0 (Windows NT 6.3; Win64; x64) AppleWebKit/537.36 (KHTML, like Gecko) Chrome/53.0.2785.116 Safari/537.36"
::1 - - [26/Sep/2016:15:12:23 +0000] "GET /register HTTP/1.1" 200 3605 "-" "Mozilla/5.0 (Windows NT 6.3; Win64; x64) AppleWebKit/537.36 (KHTML, like Gecko) Chrome/53.0.2785.116 Safari/537.36"
::1 - - [26/Sep/2016:15:12:23 +0000] "GET /bower_components/bootstrap/dist/css/bootstrap.css HTTP/1.1" 404 62 "http://localhost:4000/register" "Mozilla/5.0 (Windows NT 6.3; Win64; x64) AppleWebKit/537.36 (KHTML, like Gecko) Chrome/53.0.2785.116 Safari/537.36"
::1 - - [26/Sep/2016:15:13:13 +0000] "GET /register HTTP/1.1" 200 3609 "-" "Mozilla/5.0 (Windows NT 6.3; Win64; x64) AppleWebKit/537.36 (KHTML, like Gecko) Chrome/53.0.2785.116 Safari/537.36"
::1 - - [26/Sep/2016:15:18:57 +0000] "POST /register HTTP/1.1" 500 2846 "http://localhost:4000/register" "Mozilla/5.0 (Windows NT 6.3; Win64; x64) AppleWebKit/537.36 (KHTML, like Gecko) Chrome/53.0.2785.116 Safari/537.36"
::1 - - [26/Sep/2016:15:19:12 +0000] "GET / HTTP/1.1" 304 - "-" "Mozilla/5.0 (Windows NT 6.3; Win64; x64) AppleWebKit/537.36 (KHTML, like Gecko) Chrome/53.0.2785.116 Safari/537.36"
::1 - - [26/Sep/2016:15:19:12 +0000] "GET /bower_components/bootstrap/dist/css/bootstrap.css HTTP/1.1" 404 62 "http://localhost:4000/" "Mozilla/5.0 (Windows NT 6.3; Win64; x64) AppleWebKit/537.36 (KHTML, like Gecko) Chrome/53.0.2785.116 Safari/537.36"
::1 - - [26/Sep/2016:15:19:26 +0000] "GET / HTTP/1.1" 304 - "-" "Mozilla/5.0 (Windows NT 6.3; Win64; x64) AppleWebKit/537.36 (KHTML, like Gecko) Chrome/53.0.2785.116 Safari/537.36"
::1 - - [26/Sep/2016:15:19:26 +0000] "GET /bower_components/bootstrap/dist/css/bootstrap.css HTTP/1.1" 404 62 "http://localhost:4000/" "Mozilla/5.0 (Windows NT 6.3; Win64; x64) AppleWebKit/537.36 (KHTML, like Gecko) Chrome/53.0.2785.116 Safari/537.36"
::1 - - [26/Sep/2016:15:19:35 +0000] "GET /login HTTP/1.1" 304 - "-" "Mozilla/5.0 (Windows NT 6.3; Win64; x64) AppleWebKit/537.36 (KHTML, like Gecko) Chrome/53.0.2785.116 Safari/537.36"
::1 - - [26/Sep/2016:15:19:46 +0000] "POST /login HTTP/1.1" 500 2193 "http://localhost:4000/login" "Mozilla/5.0 (Windows NT 6.3; Win64; x64) AppleWebKit/537.36 (KHTML, like Gecko) Chrome/53.0.2785.116 Safari/537.36"
::1 - - [26/Sep/2016:15:21:00 +0000] "POST /login HTTP/1.1" 500 2193 "http://localhost:4000/login" "Mozilla/5.0 (Windows NT 6.3; Win64; x64) AppleWebKit/537.36 (KHTML, like Gecko) Chrome/53.0.2785.116 Safari/537.36"
::1 - - [26/Sep/2016:15:21:58 +0000] "POST /login HTTP/1.1" 500 2193 "http://localhost:4000/login" "Mozilla/5.0 (Windows NT 6.3; Win64; x64) AppleWebKit/537.36 (KHTML, like Gecko) Chrome/53.0.2785.116 Safari/537.36"
::1 - - [26/Sep/2016:15:22:00 +0000] "GET /login HTTP/1.1" 304 - "-" "Mozilla/5.0 (Windows NT 6.3; Win64; x64) AppleWebKit/537.36 (KHTML, like Gecko) Chrome/53.0.2785.116 Safari/537.36"
::1 - - [26/Sep/2016:15:22:24 +0000] "POST /login HTTP/1.1" 500 2193 "http://localhost:4000/login" "Mozilla/5.0 (Windows NT 6.3; Win64; x64) AppleWebKit/537.36 (KHTML, like Gecko) Chrome/53.0.2785.116 Safari/537.36"
::1 - - [26/Sep/2016:15:35:13 +0000] "GET / HTTP/1.1" 200 1566 "-" "Mozilla/5.0 (Windows NT 6.3; Win64; x64) AppleWebKit/537.36 (KHTML, like Gecko) Chrome/53.0.2785.116 Safari/537.36"
::1 - - [26/Sep/2016:15:35:13 +0000] "GET /bower_components/bootstrap/dist/css/bootstrap.css HTTP/1.1" 404 62 "http://localhost:4000/" "Mozilla/5.0 (Windows NT 6.3; Win64; x64) AppleWebKit/537.36 (KHTML, like Gecko) Chrome/53.0.2785.116 Safari/537.36"
::1 - - [26/Sep/2016:15:35:14 +0000] "GET /register HTTP/1.1" 304 - "http://localhost:4000/" "Mozilla/5.0 (Windows NT 6.3; Win64; x64) AppleWebKit/537.36 (KHTML, like Gecko) Chrome/53.0.2785.116 Safari/537.36"
::1 - - [26/Sep/2016:15:35:18 +0000] "GET /login HTTP/1.1" 304 - "-" "Mozilla/5.0 (Windows NT 6.3; Win64; x64) AppleWebKit/537.36 (KHTML, like Gecko) Chrome/53.0.2785.116 Safari/537.36"
::1 - - [26/Sep/2016:15:35:25 +0000] "POST /login HTTP/1.1" 302 56 "http://localhost:4000/login" "Mozilla/5.0 (Windows NT 6.3; Win64; x64) AppleWebKit/537.36 (KHTML, like Gecko) Chrome/53.0.2785.116 Safari/537.36"
::1 - - [26/Sep/2016:15:35:25 +0000] "GET /login HTTP/1.1" 200 1190 "http://localhost:4000/login" "Mozilla/5.0 (Windows NT 6.3; Win64; x64) AppleWebKit/537.36 (KHTML, like Gecko) Chrome/53.0.2785.116 Safari/537.36"
::1 - - [26/Sep/2016:15:35:40 +0000] "POST /login HTTP/1.1" 302 56 "http://localhost:4000/login" "Mozilla/5.0 (Windows NT 6.3; Win64; x64) AppleWebKit/537.36 (KHTML, like Gecko) Chrome/53.0.2785.116 Safari/537.36"
::1 - - [26/Sep/2016:15:35:40 +0000] "GET /login HTTP/1.1" 200 1190 "http://localhost:4000/login" "Mozilla/5.0 (Windows NT 6.3; Win64; x64) AppleWebKit/537.36 (KHTML, like Gecko) Chrome/53.0.2785.116 Safari/537.36"
::1 - - [26/Sep/2016:15:39:14 +0000] "POST /login HTTP/1.1" 302 56 "http://localhost:4000/login" "Mozilla/5.0 (Windows NT 6.3; Win64; x64) AppleWebKit/537.36 (KHTML, like Gecko) Chrome/53.0.2785.116 Safari/537.36"
::1 - - [26/Sep/2016:15:39:14 +0000] "GET /login HTTP/1.1" 200 1190 "http://localhost:4000/login" "Mozilla/5.0 (Windows NT 6.3; Win64; x64) AppleWebKit/537.36 (KHTML, like Gecko) Chrome/53.0.2785.116 Safari/537.36"
::1 - - [26/Sep/2016:15:39:24 +0000] "GET / HTTP/1.1" 200 1566 "-" "Mozilla/5.0 (Windows NT 6.3; Win64; x64) AppleWebKit/537.36 (KHTML, like Gecko) Chrome/53.0.2785.116 Safari/537.36"
::1 - - [26/Sep/2016:15:39:24 +0000] "GET /bower_components/bootstrap/dist/css/bootstrap.css HTTP/1.1" 404 62 "http://localhost:4000/" "Mozilla/5.0 (Windows NT 6.3; Win64; x64) AppleWebKit/537.36 (KHTML, like Gecko) Chrome/53.0.2785.116 Safari/537.36"
::1 - - [26/Sep/2016:15:39:24 +0000] "GET /favicon.ico HTTP/1.1" 404 24 "http://localhost:4000/" "Mozilla/5.0 (Windows NT 6.3; Win64; x64) AppleWebKit/537.36 (KHTML, like Gecko) Chrome/53.0.2785.116 Safari/537.36"
::1 - - [26/Sep/2016:15:40:16 +0000] "POST /login HTTP/1.1" 500 2196 "http://localhost:4000/login" "Mozilla/5.0 (Windows NT 6.3; Win64; x64) AppleWebKit/537.36 (KHTML, like Gecko) Chrome/53.0.2785.116 Safari/537.36"
::1 - - [26/Sep/2016:15:40:33 +0000] "POST /login HTTP/1.1" 302 56 "http://localhost:4000/login" "Mozilla/5.0 (Windows NT 6.3; Win64; x64) AppleWebKit/537.36 (KHTML, like Gecko) Chrome/53.0.2785.116 Safari/537.36"
::1 - - [26/Sep/2016:15:40:33 +0000] "GET /login HTTP/1.1" 200 1190 "http://localhost:4000/login" "Mozilla/5.0 (Windows NT 6.3; Win64; x64) AppleWebKit/537.36 (KHTML, like Gecko) Chrome/53.0.2785.116 Safari/537.36"
::1 - - [26/Sep/2016:15:42:36 +0000] "POST /login HTTP/1.1" 302 46 "http://localhost:4000/login" "Mozilla/5.0 (Windows NT 6.3; Win64; x64) AppleWebKit/537.36 (KHTML, like Gecko) Chrome/53.0.2785.116 Safari/537.36"
::1 - - [26/Sep/2016:15:42:36 +0000] "GET / HTTP/1.1" 304 - "http://localhost:4000/login" "Mozilla/5.0 (Windows NT 6.3; Win64; x64) AppleWebKit/537.36 (KHTML, like Gecko) Chrome/53.0.2785.116 Safari/537.36"
::1 - - [26/Sep/2016:15:42:37 +0000] "GET /bower_components/bootstrap/dist/css/bootstrap.css HTTP/1.1" 404 62 "http://localhost:4000/" "Mozilla/5.0 (Windows NT 6.3; Win64; x64) AppleWebKit/537.36 (KHTML, like Gecko) Chrome/53.0.2785.116 Safari/537.36"
::1 - - [26/Sep/2016:15:42:50 +0000] "GET /login HTTP/1.1" 200 1137 "http://localhost:4000/" "Mozilla/5.0 (Windows NT 6.3; Win64; x64) AppleWebKit/537.36 (KHTML, like Gecko) Chrome/53.0.2785.116 Safari/537.36"
::1 - - [26/Sep/2016:15:42:58 +0000] "POST /login HTTP/1.1" 302 56 "http://localhost:4000/login" "Mozilla/5.0 (Windows NT 6.3; Win64; x64) AppleWebKit/537.36 (KHTML, like Gecko) Chrome/53.0.2785.116 Safari/537.36"
::1 - - [26/Sep/2016:15:42:58 +0000] "GET /login HTTP/1.1" 200 1194 "http://localhost:4000/login" "Mozilla/5.0 (Windows NT 6.3; Win64; x64) AppleWebKit/537.36 (KHTML, like Gecko) Chrome/53.0.2785.116 Safari/537.36"
::1 - - [26/Sep/2016:15:43:07 +0000] "POST /login HTTP/1.1" 302 56 "http://localhost:4000/login" "Mozilla/5.0 (Windows NT 6.3; Win64; x64) AppleWebKit/537.36 (KHTML, like Gecko) Chrome/53.0.2785.116 Safari/537.36"
::1 - - [26/Sep/2016:15:43:07 +0000] "GET /login HTTP/1.1" 200 1190 "http://localhost:4000/login" "Mozilla/5.0 (Windows NT 6.3; Win64; x64) AppleWebKit/537.36 (KHTML, like Gecko) Chrome/53.0.2785.116 Safari/537.36"
::1 - - [26/Sep/2016:15:53:06 +0000] "GET /login HTTP/1.1" 200 1137 "http://localhost:4000/login" "Mozilla/5.0 (Windows NT 6.3; Win64; x64) AppleWebKit/537.36 (KHTML, like Gecko) Chrome/53.0.2785.116 Safari/537.36"
::1 - - [26/Sep/2016:15:53:19 +0000] "POST /login HTTP/1.1" 302 46 "http://localhost:4000/login" "Mozilla/5.0 (Windows NT 6.3; Win64; x64) AppleWebKit/537.36 (KHTML, like Gecko) Chrome/53.0.2785.116 Safari/537.36"
::1 - - [26/Sep/2016:15:53:19 +0000] "GET / HTTP/1.1" 304 - "http://localhost:4000/login" "Mozilla/5.0 (Windows NT 6.3; Win64; x64) AppleWebKit/537.36 (KHTML, like Gecko) Chrome/53.0.2785.116 Safari/537.36"
::1 - - [26/Sep/2016:15:53:20 +0000] "GET /bower_components/bootstrap/dist/css/bootstrap.css HTTP/1.1" 404 62 "http://localhost:4000/" "Mozilla/5.0 (Windows NT 6.3; Win64; x64) AppleWebKit/537.36 (KHTML, like Gecko) Chrome/53.0.2785.116 Safari/537.36"
::1 - - [26/Sep/2016:15:53:52 +0000] "GET / HTTP/1.1" 304 - "http://localhost:4000/login" "Mozilla/5.0 (Windows NT 6.3; Win64; x64) AppleWebKit/537.36 (KHTML, like Gecko) Chrome/53.0.2785.116 Safari/537.36"
::1 - - [26/Sep/2016:15:53:52 +0000] "GET /bower_components/bootstrap/dist/css/bootstrap.css HTTP/1.1" 404 62 "http://localhost:4000/" "Mozilla/5.0 (Windows NT 6.3; Win64; x64) AppleWebKit/537.36 (KHTML, like Gecko) Chrome/53.0.2785.116 Safari/537.36"
::1 - - [26/Sep/2016:15:54:00 +0000] "GET /login HTTP/1.1" 200 1137 "http://localhost:4000/" "Mozilla/5.0 (Windows NT 6.3; Win64; x64) AppleWebKit/537.36 (KHTML, like Gecko) Chrome/53.0.2785.116 Safari/537.36"
::1 - - [26/Sep/2016:15:54:07 +0000] "POST /login HTTP/1.1" 302 46 "http://localhost:4000/login" "Mozilla/5.0 (Windows NT 6.3; Win64; x64) AppleWebKit/537.36 (KHTML, like Gecko) Chrome/53.0.2785.116 Safari/537.36"
::1 - - [26/Sep/2016:15:54:07 +0000] "GET / HTTP/1.1" 304 - "http://localhost:4000/login" "Mozilla/5.0 (Windows NT 6.3; Win64; x64) AppleWebKit/537.36 (KHTML, like Gecko) Chrome/53.0.2785.116 Safari/537.36"
::1 - - [26/Sep/2016:15:54:07 +0000] "GET /bower_components/bootstrap/dist/css/bootstrap.css HTTP/1.1" 404 62 "http://localhost:4000/" "Mozilla/5.0 (Windows NT 6.3; Win64; x64) AppleWebKit/537.36 (KHTML, like Gecko) Chrome/53.0.2785.116 Safari/537.36"
::1 - - [26/Sep/2016:15:54:17 +0000] "GET / HTTP/1.1" 304 - "http://localhost:4000/login" "Mozilla/5.0 (Windows NT 6.3; Win64; x64) AppleWebKit/537.36 (KHTML, like Gecko) Chrome/53.0.2785.116 Safari/537.36"
::1 - - [26/Sep/2016:15:54:17 +0000] "GET /bower_components/bootstrap/dist/css/bootstrap.css HTTP/1.1" 404 62 "http://localhost:4000/" "Mozilla/5.0 (Windows NT 6.3; Win64; x64) AppleWebKit/537.36 (KHTML, like Gecko) Chrome/53.0.2785.116 Safari/537.36"
::1 - - [26/Sep/2016:15:54:22 +0000] "GET /login HTTP/1.1" 200 1137 "http://localhost:4000/" "Mozilla/5.0 (Windows NT 6.3; Win64; x64) AppleWebKit/537.36 (KHTML, like Gecko) Chrome/53.0.2785.116 Safari/537.36"
::1 - - [26/Sep/2016:15:54:30 +0000] "GET /register HTTP/1.1" 304 - "http://localhost:4000/" "Mozilla/5.0 (Windows NT 6.3; Win64; x64) AppleWebKit/537.36 (KHTML, like Gecko) Chrome/53.0.2785.116 Safari/537.36"
